<?xml version="1.0" encoding="UTF-8"?>
<!-- Generated by org.testng.reporters.JUnitXMLReporter -->
<testsuite hostname="DESKTOP-D3AR52B" name="Test" tests="3" failures="0" timestamp="27 Jan 2020 12:43:34 GMT" time="131.401" errors="0">
  <testcase name="createProd" time="21.836" classname="com.training.scripts.CreateProductTest"/>
  <testcase name="createOrg" time="32.037" classname="com.training.scripts.CreateOrgTest"/>
  <testcase name="createOrg1" time="18.282" classname="com.training.scripts.CreateCampaignTest"/>
</testsuite> <!-- Test -->
